Flow report for prac5
Mon Apr 08 22:36:58 2024
Quartus II 64-Bit Version 13.1.0 Build 162 10/23/2013 SJ Web Edition


---------------------
; Table of Contents ;
---------------------
  1. Legal Notice
  2. Flow Summary
  3. Flow Settings
  4. Flow Non-Default Global Settings
  5. Flow Elapsed Time
  6. Flow OS Summary
  7. Flow Log
  8. Flow Messages
  9. Flow Suppressed Messages



----------------
; Legal Notice ;
----------------
Copyright (C) 1991-2013 Altera Corporation
Your use of Altera Corporation's design tools, logic functions 
and other software and tools, and its AMPP partner logic 
functions, and any output files from any of the foregoing 
(including device programming or simulation files), and any 
associated documentation or information are expressly subject 
to the terms and conditions of the Altera Program License 
Subscription Agreement, Altera MegaCore Function License 
Agreement, or other applicable license agreement, including, 
without limitation, that your use is for the sole purpose of 
programming logic devices manufactured by Altera and sold by 
Altera or its authorized distributors.  Please refer to the 
applicable agreement for further details.



+--------------------------------------------------------------------------------+
; Flow Summary                                                                   ;
+-----------------------------------+--------------------------------------------+
; Flow Status                       ; Successful - Mon Apr 08 22:36:58 2024      ;
; Quartus II 64-Bit Version         ; 13.1.0 Build 162 10/23/2013 SJ Web Edition ;
; Revision Name                     ; prac5                                      ;
; Top-level Entity Name             ; MipsDataPath                               ;
; Family                            ; Arria II GX                                ;
; Logic utilization                 ; < 1 %                                      ;
;     Combinational ALUTs           ; 221 / 36,100 ( < 1 % )                     ;
;     Memory ALUTs                  ; 0 / 18,050 ( 0 % )                         ;
;     Dedicated logic registers     ; 103 / 36,100 ( < 1 % )                     ;
; Total registers                   ; 103                                        ;
; Total pins                        ; 66 / 176 ( 38 % )                          ;
; Total virtual pins                ; 0                                          ;
; Total block memory bits           ; 6,144 / 2,939,904 ( < 1 % )                ;
; DSP block 18-bit elements         ; 0 / 232 ( 0 % )                            ;
; Total GXB Receiver Channel PCS    ; 0 / 4 ( 0 % )                              ;
; Total GXB Receiver Channel PMA    ; 0 / 4 ( 0 % )                              ;
; Total GXB Transmitter Channel PCS ; 0 / 4 ( 0 % )                              ;
; Total GXB Transmitter Channel PMA ; 0 / 4 ( 0 % )                              ;
; Total PLLs                        ; 0 / 4 ( 0 % )                              ;
; Total DLLs                        ; 0 / 2 ( 0 % )                              ;
; Device                            ; EP2AGX45CU17I3                             ;
; Timing Models                     ; Final                                      ;
+-----------------------------------+--------------------------------------------+


+-----------------------------------------+
; Flow Settings                           ;
+-------------------+---------------------+
; Option            ; Setting             ;
+-------------------+---------------------+
; Start date & time ; 04/08/2024 22:36:05 ;
; Main task         ; Compilation         ;
; Revision Name     ; prac5               ;
+-------------------+---------------------+


+-------------------------------------------------------------------------------------------------------------------------------------------------+
; Flow Non-Default Global Settings                                                                                                                ;
+-------------------------------------+-----------------------------------------------------------+---------------+--------------+----------------+
; Assignment Name                     ; Value                                                     ; Default Value ; Entity Name  ; Section Id     ;
+-------------------------------------+-----------------------------------------------------------+---------------+--------------+----------------+
; COMPILER_SIGNATURE_ID               ; 26601938326135.171260316508248                            ; --            ; --           ; --             ;
; EDA_GENERATE_FUNCTIONAL_NETLIST     ; On                                                        ; --            ; --           ; eda_simulation ;
; EDA_NETLIST_WRITER_OUTPUT_DIR       ; C:/Users/Mehrshad/OneDrive/Desktop/prac5/simulation/qsim/ ; --            ; --           ; eda_simulation ;
; EDA_OUTPUT_DATA_FORMAT              ; Verilog Hdl                                               ; --            ; --           ; eda_simulation ;
; EDA_SIMULATION_TOOL                 ; ModelSim-Altera (Verilog)                                 ; <None>        ; --           ; --             ;
; EDA_TIME_SCALE                      ; 1 ps                                                      ; --            ; --           ; eda_simulation ;
; IP_TOOL_NAME                        ; LPM_MUX                                                   ; --            ; --           ; --             ;
; IP_TOOL_NAME                        ; LPM_MUX                                                   ; --            ; --           ; --             ;
; IP_TOOL_NAME                        ; LPM_MUX                                                   ; --            ; --           ; --             ;
; IP_TOOL_NAME                        ; LPM_MUX                                                   ; --            ; --           ; --             ;
; IP_TOOL_NAME                        ; LPM_DECODE                                                ; --            ; --           ; --             ;
; IP_TOOL_NAME                        ; LPM_MUX                                                   ; --            ; --           ; --             ;
; IP_TOOL_NAME                        ; LPM_MUX                                                   ; --            ; --           ; --             ;
; IP_TOOL_NAME                        ; LPM_COUNTER                                               ; --            ; --           ; --             ;
; IP_TOOL_NAME                        ; LPM_COMPARE                                               ; --            ; --           ; --             ;
; IP_TOOL_NAME                        ; LPM_MUX                                                   ; --            ; --           ; --             ;
; IP_TOOL_NAME                        ; LPM_MUX                                                   ; --            ; --           ; --             ;
; IP_TOOL_NAME                        ; LPM_MUX                                                   ; --            ; --           ; --             ;
; IP_TOOL_NAME                        ; LPM_MUX                                                   ; --            ; --           ; --             ;
; IP_TOOL_NAME                        ; LPM_MUX                                                   ; --            ; --           ; --             ;
; IP_TOOL_VERSION                     ; 13.1                                                      ; --            ; --           ; --             ;
; IP_TOOL_VERSION                     ; 9.0                                                       ; --            ; --           ; --             ;
; IP_TOOL_VERSION                     ; 13.1                                                      ; --            ; --           ; --             ;
; IP_TOOL_VERSION                     ; 13.1                                                      ; --            ; --           ; --             ;
; IP_TOOL_VERSION                     ; 13.1                                                      ; --            ; --           ; --             ;
; IP_TOOL_VERSION                     ; 13.1                                                      ; --            ; --           ; --             ;
; IP_TOOL_VERSION                     ; 13.1                                                      ; --            ; --           ; --             ;
; IP_TOOL_VERSION                     ; 13.1                                                      ; --            ; --           ; --             ;
; IP_TOOL_VERSION                     ; 13.1                                                      ; --            ; --           ; --             ;
; IP_TOOL_VERSION                     ; 13.1                                                      ; --            ; --           ; --             ;
; IP_TOOL_VERSION                     ; 13.1                                                      ; --            ; --           ; --             ;
; IP_TOOL_VERSION                     ; 13.1                                                      ; --            ; --           ; --             ;
; IP_TOOL_VERSION                     ; 13.1                                                      ; --            ; --           ; --             ;
; IP_TOOL_VERSION                     ; 13.1                                                      ; --            ; --           ; --             ;
; MISC_FILE                           ; lpm_mux0.tdf                                              ; --            ; --           ; --             ;
; MISC_FILE                           ; lpm_mux0.bsf                                              ; --            ; --           ; --             ;
; MISC_FILE                           ; lpm_mux0.inc                                              ; --            ; --           ; --             ;
; MISC_FILE                           ; lpm_mux0.cmp                                              ; --            ; --           ; --             ;
; MISC_FILE                           ; lpm_mux1.tdf                                              ; --            ; --           ; --             ;
; MISC_FILE                           ; lpm_mux1.bsf                                              ; --            ; --           ; --             ;
; MISC_FILE                           ; lpm_mux1.inc                                              ; --            ; --           ; --             ;
; MISC_FILE                           ; E:/project/lpm_mux4.bsf                                   ; --            ; --           ; --             ;
; MISC_FILE                           ; E:/project/lpm_mux4.cmp                                   ; --            ; --           ; --             ;
; MISC_FILE                           ; E:/project/lpm_mux3.bsf                                   ; --            ; --           ; --             ;
; MISC_FILE                           ; E:/project/lpm_mux3.cmp                                   ; --            ; --           ; --             ;
; MISC_FILE                           ; ../prac4/quartus/lpm_decode0.bsf                          ; --            ; --           ; --             ;
; MISC_FILE                           ; ../prac4/quartus/lpm_decode0.cmp                          ; --            ; --           ; --             ;
; MISC_FILE                           ; E:/project/lpm_mux2.bsf                                   ; --            ; --           ; --             ;
; MISC_FILE                           ; E:/project/lpm_mux2.cmp                                   ; --            ; --           ; --             ;
; MISC_FILE                           ; E:/project/lpm_mux1.bsf                                   ; --            ; --           ; --             ;
; MISC_FILE                           ; E:/project/lpm_mux1.cmp                                   ; --            ; --           ; --             ;
; MISC_FILE                           ; E:/project/lpm_counter1.bsf                               ; --            ; --           ; --             ;
; MISC_FILE                           ; E:/project/lpm_counter1.cmp                               ; --            ; --           ; --             ;
; MISC_FILE                           ; E:/project/lpm_compare0.bsf                               ; --            ; --           ; --             ;
; MISC_FILE                           ; E:/project/lpm_compare0.cmp                               ; --            ; --           ; --             ;
; MISC_FILE                           ; E:/project/lpm_mux0.bsf                                   ; --            ; --           ; --             ;
; MISC_FILE                           ; E:/project/lpm_mux0.cmp                                   ; --            ; --           ; --             ;
; MISC_FILE                           ; E:/project/lpm_mux5.bsf                                   ; --            ; --           ; --             ;
; MISC_FILE                           ; E:/project/lpm_mux5.cmp                                   ; --            ; --           ; --             ;
; MISC_FILE                           ; E:/project/lpm_mux6.bsf                                   ; --            ; --           ; --             ;
; MISC_FILE                           ; E:/project/lpm_mux6.cmp                                   ; --            ; --           ; --             ;
; MISC_FILE                           ; E:/project/lpm_mux7.bsf                                   ; --            ; --           ; --             ;
; MISC_FILE                           ; E:/project/lpm_mux7.cmp                                   ; --            ; --           ; --             ;
; MISC_FILE                           ; E:/project/lpm_mux8.bsf                                   ; --            ; --           ; --             ;
; MISC_FILE                           ; E:/project/lpm_mux8.cmp                                   ; --            ; --           ; --             ;
; PARTITION_COLOR                     ; 16764057                                                  ; --            ; MipsDataPath ; Top            ;
; PARTITION_FITTER_PRESERVATION_LEVEL ; PLACEMENT_AND_ROUTING                                     ; --            ; MipsDataPath ; Top            ;
; PARTITION_NETLIST_TYPE              ; SOURCE                                                    ; --            ; MipsDataPath ; Top            ;
; TOP_LEVEL_ENTITY                    ; MipsDataPath                                              ; prac5         ; --           ; --             ;
; USE_GENERATED_PHYSICAL_CONSTRAINTS  ; Off                                                       ; --            ; --           ; eda_blast_fpga ;
+-------------------------------------+-----------------------------------------------------------+---------------+--------------+----------------+


+-------------------------------------------------------------------------------------------------------------------------------+
; Flow Elapsed Time                                                                                                             ;
+---------------------------+--------------+-------------------------+---------------------+------------------------------------+
; Module Name               ; Elapsed Time ; Average Processors Used ; Peak Virtual Memory ; Total CPU Time (on all processors) ;
+---------------------------+--------------+-------------------------+---------------------+------------------------------------+
; Analysis & Synthesis      ; 00:00:04     ; 1.0                     ; 4759 MB             ; 00:00:05                           ;
; Fitter                    ; 00:00:19     ; 1.2                     ; 5469 MB             ; 00:00:21                           ;
; Assembler                 ; 00:00:04     ; 1.0                     ; 4700 MB             ; 00:00:04                           ;
; TimeQuest Timing Analyzer ; 00:00:04     ; 1.0                     ; 4783 MB             ; 00:00:04                           ;
; EDA Netlist Writer        ; 00:00:00     ; 1.0                     ; 4609 MB             ; 00:00:01                           ;
; EDA Netlist Writer        ; 00:00:00     ; 1.0                     ; 4625 MB             ; 00:00:01                           ;
; EDA Netlist Writer        ; 00:00:01     ; 1.0                     ; 4625 MB             ; 00:00:01                           ;
; Total                     ; 00:00:32     ; --                      ; --                  ; 00:00:37                           ;
+---------------------------+--------------+-------------------------+---------------------+------------------------------------+


+-----------------------------------------------------------------------------------------+
; Flow OS Summary                                                                         ;
+---------------------------+-------------------+-----------+------------+----------------+
; Module Name               ; Machine Hostname  ; OS Name   ; OS Version ; Processor type ;
+---------------------------+-------------------+-----------+------------+----------------+
; Analysis & Synthesis      ; Mehrshad-Dehghani ; Windows 7 ; 6.2        ; x86_64         ;
; Fitter                    ; Mehrshad-Dehghani ; Windows 7 ; 6.2        ; x86_64         ;
; Assembler                 ; Mehrshad-Dehghani ; Windows 7 ; 6.2        ; x86_64         ;
; TimeQuest Timing Analyzer ; Mehrshad-Dehghani ; Windows 7 ; 6.2        ; x86_64         ;
; EDA Netlist Writer        ; Mehrshad-Dehghani ; Windows 7 ; 6.2        ; x86_64         ;
; EDA Netlist Writer        ; Mehrshad-Dehghani ; Windows 7 ; 6.2        ; x86_64         ;
; EDA Netlist Writer        ; Mehrshad-Dehghani ; Windows 7 ; 6.2        ; x86_64         ;
+---------------------------+-------------------+-----------+------------+----------------+


------------
; Flow Log ;
------------
quartus_map --read_settings_files=on --write_settings_files=off prac5 -c prac5
quartus_fit --read_settings_files=off --write_settings_files=off prac5 -c prac5
quartus_asm --read_settings_files=off --write_settings_files=off prac5 -c prac5
quartus_sta prac5 -c prac5
quartus_eda --read_settings_files=off --write_settings_files=off prac5 -c prac5
quartus_eda --gen_testbench --check_outputs=on --tool=modelsim_oem --format=verilog prac5 -c prac5 --vector_source=E:/project/Waveform.vwf --testbench_file=C:/Users/Mehrshad/OneDrive/Desktop/prac5/simulation/qsim/Waveform.vwf.vt
quartus_eda --functional=on --flatten_buses=off --simulation=on --tool=modelsim_oem --format=verilog --output_directory=C:/Users/Mehrshad/OneDrive/Desktop/prac5/simulation/qsim/ prac5 -c prac5



